<?xml version="1.0" encoding="UTF-8"?>
<!-- Generated by org.testng.reporters.JUnitReportReporter -->
<testsuite hostname="JARVIS" failures="0" tests="1" name="tests.LoginTest" time="12.289" errors="0" timestamp="2025-05-11T16:46:37 IST" skipped="0">
  <testcase classname="tests.LoginTest" name="customerLoginAndHomepageValidation" time="12.289"/>
</testsuite> <!-- tests.LoginTest -->
